C:\Users\myusername\AppData\Local\dbg\UI\Fast.20190108.4\amd64\WINXP;C:\Users\myusername\AppData\Local\dbg\UI\Fast.20190108.4\amd64\winext;C:\Users\myusername\AppData\Local\dbg\UI\Fast.20190108.4\amd64\winext\arcade;C:\Users\myusername\AppData\Local\dbg\UI\Fast.20190108.4\amd64\pri;C:\Users\myusername\AppData\Local\dbg\UI\Fast.20190108.4\amd64;C:\Users\myusername\AppData\Local\Dbg\EngineExtensions;C:\Users\myusername\AppData\Local\dbg\UI\Fast.20190108.4\amd64;C:\Users\myusername\AppData\Local\dbg\UI\Fast.20190108.4\amd64;C:\Windows\system32;C:\Windows;C:\Windows\System32\Wbem;C:\Windows\System32\WindowsPowerShell\v1.0\;C:\Windows\System32\OpenSSH\;C:\Program Files\Git\cmd;C:\Program Files\dotnet\;C:\Program Files\Microsoft SQL Server\130\Tools\Binn\;C:\Program Files (x86)\Microsoft SQL Server\Client SDK\ODBC\130\Tools\Binn\;C:\Program Files (x86)\Microsoft SQL Server\140\Tools\Binn\;C:\Program Files (x86)\Microsoft SQL Server\140\DTS\Binn\;C:\Program Files (x86)\Microsoft SQL Server\140\Tools\Binn\ManagementStudio\;C:\Users\myusername\AppData\Local\Microsoft\WindowsApps;C:\Users\myusername\AppData\Local\Programs\Microsoft VS Code\bin;C:\Users\myusername\.dotnet\tools;C:\Users\myusername\AppData\Local\Programs\Fiddler
Extension DLL chain:
    MexOMStub: API 0.0.0, built Tue Mar  6 00:57:22 2018
        [path: C:\Users\myusername\AppData\Local\DBG\ExtRepository\EG\cache2\Packages\MexOMStub\3.0.0.9365\x64\MexOMStub.dll]
    DbgEngCoreDMExt: image 10.0.18256.1000, API 0.0.0, 
        [path: C:\Users\myusername\AppData\Local\DBG\ExtRepository\EG\cache2\Packages\DbgEngCoreDMExt\10.0.18256.1000\amd64\DbgEngCoreDMExt.dll]
    C:\ProgramData\Dbg\sym\SOS_AMD64_AMD64_4.7.3190.00.dll\5B693B489ed000\SOS_AMD64_AMD64_4.7.3190.00.dll: image 4.7.3190.0, API 1.0.0, built Tue Aug  7 14:16:55 2018
        [path: C:\ProgramData\Dbg\sym\SOS_AMD64_AMD64_4.7.3190.00.dll\5B693B489ed000\SOS_AMD64_AMD64_4.7.3190.00.dll]
    ELFBinComposition: image 10.0.18311.1001, API 0.0.0, 
        [path: C:\Users\myusername\AppData\Local\dbg\UI\Fast.20190108.4\amd64\winext\ELFBinComposition.dll]
    dbghelp: image 10.0.18311.1001, API 10.0.6, 
        [path: C:\Users\myusername\AppData\Local\dbg\UI\Fast.20190108.4\amd64\dbghelp.dll]
    ext: image 10.0.18248.1001, API 1.0.0, 
        [path: C:\Users\myusername\AppData\Local\DBG\ExtRepository\EG\cache2\Packages\ext\10.0.18248.1001\amd64fre\winext\ext.dll]
    exts: image 10.0.18311.1001, API 1.0.0, 
        [path: C:\Users\myusername\AppData\Local\dbg\UI\Fast.20190108.4\amd64\WINXP\exts.dll]
    uext: image 10.0.18311.1001, API 1.0.0, 
        [path: C:\Users\myusername\AppData\Local\dbg\UI\Fast.20190108.4\amd64\winext\uext.dll]
    ntsdexts: image 10.0.18311.1001, API 1.0.0, 
        [path: C:\Users\myusername\AppData\Local\dbg\UI\Fast.20190108.4\amd64\WINXP\ntsdexts.dll]
